Jun 21 00:04 : update: added Attila-Outlawed-2011-KzT/04-attila-another_round.mp3
Jun 21 00:04 : update: added Attila-Outlawed-2011-KzT/06-attila-smokeout.mp3
Jun 21 00:04 : update: added Attila-Outlawed-2011-KzT/02-attila-light_me_up.mp3
Jun 21 00:04 : update: added Attila-Outlawed-2011-KzT/05-attila-nasty_mouth.mp3
Jun 21 00:04 : update: added Attila-Outlawed-2011-KzT/07-attila-holler_at_ya_boy.mp3
Jun 21 00:04 : update: added Attila-Outlawed-2011-KzT/09-attila-white_lightning.mp3
Jun 21 00:04 : update: added Attila-Outlawed-2011-KzT/10-attila-payback.mp3
Jun 21 00:04 : update: added Attila-Outlawed-2011-KzT/08-attila-sex_drugs_and_violence.mp3
Jun 21 00:04 : update: added Attila-Outlawed-2011-KzT/03-attila-nothing_left_to_say.mp3
Jun 21 00:04 : update: added Attila-Outlawed-2011-KzT/01-attila-outlawed.mp3
Jun 21 00:04 : update: added Enter Shikari - A Flash Flood Of Colour  (2012)/14. Quelle Surprise.mp3
Jun 21 00:04 : update: added Enter Shikari - A Flash Flood Of Colour  (2012)/05. Arguing With Thermometers.mp3
Jun 21 00:04 : update: added Enter Shikari - A Flash Flood Of Colour  (2012)/01. System….mp3
Jun 21 00:04 : update: added Enter Shikari - A Flash Flood Of Colour  (2012)/06. Stalemate.mp3
Jun 21 00:04 : update: added Enter Shikari - A Flash Flood Of Colour  (2012)/09. Pack Of Thieves.mp3
Jun 21 00:04 : update: added Enter Shikari - A Flash Flood Of Colour  (2012)/15. Destabilise.mp3
Jun 21 00:04 : update: added Enter Shikari - A Flash Flood Of Colour  (2012)/13. Sssnakepit (Serial Killaz Remix).mp3
Jun 21 00:04 : update: added Enter Shikari - A Flash Flood Of Colour  (2012)/07. Gandhi Mate, Gandhi.mp3
Jun 21 00:04 : update: added Enter Shikari - A Flash Flood Of Colour  (2012)/12. Sssnakepit (Hamilton Remix).mp3
Jun 21 00:04 : update: added Enter Shikari - A Flash Flood Of Colour  (2012)/02. …Meltdown.mp3
Jun 21 00:04 : update: added Enter Shikari - A Flash Flood Of Colour  (2012)/08. Warm Smiles Do Not Make You Welcome Here.mp3
Jun 21 00:04 : update: added Enter Shikari - A Flash Flood Of Colour  (2012)/10. Hello Tyrannosaurus, Meet Tyrannicide.mp3
Jun 21 00:04 : update: added Enter Shikari - A Flash Flood Of Colour  (2012)/04. Search Party.mp3
Jun 21 00:04 : update: added Enter Shikari - A Flash Flood Of Colour  (2012)/11. Constellations.mp3
Jun 21 00:04 : update: added Enter Shikari - A Flash Flood Of Colour  (2012)/03. Sssnakepit.mp3
Jun 21 00:04 : update: added Dr.Acula - The Social Event of The Century (2010-mp3)/05 Wendel.mp3
Jun 21 00:04 : update: added Dr.Acula - The Social Event of The Century (2010-mp3)/01 (Welcome To) The Social Event Of The Century.mp3
Jun 21 00:04 : update: added Dr.Acula - The Social Event of The Century (2010-mp3)/10 Showstopper!.mp3
Jun 21 00:04 : update: added Dr.Acula - The Social Event of The Century (2010-mp3)/03 The MusicVideo Game Olympics.mp3
Jun 21 00:04 : update: added Dr.Acula - The Social Event of The Century (2010-mp3)/08 The Rise And Fall of T.H.C. Tennis.mp3
Jun 21 00:04 : update: added Dr.Acula - The Social Event of The Century (2010-mp3)/07 Cockoff!.mp3
Jun 21 00:04 : update: added Dr.Acula - The Social Event of The Century (2010-mp3)/06 The L Train To High Street.mp3
Jun 21 00:04 : update: added Dr.Acula - The Social Event of The Century (2010-mp3)/09 Is This A Party Or A Dick Measuring Contest.mp3
Jun 21 00:04 : update: added Dr.Acula - The Social Event of The Century (2010-mp3)/04 New York California & Nowhere In Between.mp3
Jun 21 00:04 : update: added Dr.Acula - The Social Event of The Century (2010-mp3)/02 Theres No Glory in Fame.mp3
Jun 21 00:04 : update: added Stick To Your Guns - Diamond (2012) Deluxe [VBR]/09. Life In A Box.mp3
Jun 21 00:04 : update: added Stick To Your Guns - Diamond (2012) Deluxe [VBR]/10. Bringing You Down.mp3
Jun 21 00:04 : update: added Stick To Your Guns - Diamond (2012) Deluxe [VBR]/14. We Still Believe (Acoustic).mp3
Jun 21 00:04 : update: added Stick To Your Guns - Diamond (2012) Deluxe [VBR]/01. Diamond.mp3
Jun 21 00:04 : update: added Stick To Your Guns - Diamond (2012) Deluxe [VBR]/07. Empty Heads.mp3
Jun 21 00:04 : update: added Stick To Your Guns - Diamond (2012) Deluxe [VBR]/06. Ring Loud (Last Hope).mp3
Jun 21 00:04 : update: added Stick To Your Guns - Diamond (2012) Deluxe [VBR]/13. Just Like Me.mp3
Jun 21 00:04 : update: added Stick To Your Guns - Diamond (2012) Deluxe [VBR]/02. Against Them All.mp3
Jun 21 00:04 : update: added Stick To Your Guns - Diamond (2012) Deluxe [VBR]/03. Such Pain.mp3
Jun 21 00:04 : update: added Stick To Your Guns - Diamond (2012) Deluxe [VBR]/11. D(i am)ond.mp3
Jun 21 00:04 : update: added Stick To Your Guns - Diamond (2012) Deluxe [VBR]/05. We Still Believe.mp3
Jun 21 00:04 : update: added Stick To Your Guns - Diamond (2012) Deluxe [VBR]/08. Beyond The Sun.mp3
Jun 21 00:04 : update: added Stick To Your Guns - Diamond (2012) Deluxe [VBR]/04. The Bond.mp3
Jun 21 00:04 : update: added Stick To Your Guns - Diamond (2012) Deluxe [VBR]/12. Built Upon The Sand.mp3
Jun 21 00:04 : update: added Dr. Acula - Slander (2011)/01 Clinger (Stage 5).mp3
Jun 21 00:04 : update: added Dr. Acula - Slander (2011)/09 All Work No Play.mp3
Jun 21 00:04 : update: added Dr. Acula - Slander (2011)/03 Welcome To Camp Nightmare.mp3
Jun 21 00:04 : update: added Dr. Acula - Slander (2011)/06 Song Before The Song.mp3
Jun 21 00:04 : update: added Dr. Acula - Slander (2011)/12 Party 2.0.mp3
Jun 21 00:04 : update: added Dr. Acula - Slander (2011)/11 Slampig (...And Then The Bitch).mp3
Jun 21 00:04 : update: added Dr. Acula - Slander (2011)/05 Cocaine Avalanche.mp3
Jun 21 00:04 : update: added Dr. Acula - Slander (2011)/13 The Big Sleep.mp3
Jun 21 00:04 : update: added Dr. Acula - Slander (2011)/07 Pure And Immature (Goon).mp3
Jun 21 00:04 : update: added Dr. Acula - Slander (2011)/02 Fire Crotch (The Venereal Van Ride).mp3
Jun 21 00:04 : update: added Dr. Acula - Slander (2011)/08 Who You Gonna Call_.mp3
Jun 21 00:04 : update: added Dr. Acula - Slander (2011)/10 Slander.mp3
Jun 21 00:04 : update: added Dr. Acula - Slander (2011)/04 Currently Sexting.mp3
Jun 21 00:04 : update: added Stick To Your Guns - The Hope Division (2010-mp3)/01 Where The Sun Never Sleeps.mp3
Jun 21 00:04 : update: added Stick To Your Guns - The Hope Division (2010-mp3)/10 No Cover.mp3
Jun 21 00:04 : update: added Stick To Your Guns - The Hope Division (2010-mp3)/09 3-60.mp3
Jun 21 00:04 : update: added Stick To Your Guns - The Hope Division (2010-mp3)/11 Sufferer.mp3
Jun 21 00:04 : update: added Stick To Your Guns - The Hope Division (2010-mp3)/05 Wolves At The Door.mp3
Jun 21 00:04 : update: added Stick To Your Guns - The Hope Division (2010-mp3)/03 Faith In The Untamed.mp3
Jun 21 00:04 : update: added Stick To Your Guns - The Hope Division (2010-mp3)/04 Amber.mp3
Jun 21 00:04 : update: added Stick To Your Guns - The Hope Division (2010-mp3)/06 Some Kind Of Hope.mp3
Jun 21 00:04 : update: added Stick To Your Guns - The Hope Division (2010-mp3)/02 What Goes Around.mp3
Jun 21 00:04 : update: added Stick To Your Guns - The Hope Division (2010-mp3)/12 La Poderosa.mp3
Jun 21 00:04 : update: added Stick To Your Guns - The Hope Division (2010-mp3)/07 Scarecrow.mp3
Jun 21 00:04 : update: added Stick To Your Guns - The Hope Division (2010-mp3)/08 Life Through Western Eyes.mp3
Jun 21 00:04 : update: added Dr. Acula - Nation (2012) [mp3@320]/05. Ironic Enclosure.mp3
Jun 21 00:04 : update: added Dr. Acula - Nation (2012) [mp3@320]/07. Nation.mp3
Jun 21 00:04 : update: added Dr. Acula - Nation (2012) [mp3@320]/12. Thinner.mp3
Jun 21 00:04 : update: added Dr. Acula - Nation (2012) [mp3@320]/10. Areola 51.mp3
Jun 21 00:04 : update: added Dr. Acula - Nation (2012) [mp3@320]/11. Citizen's Arrest.mp3
Jun 21 00:04 : update: added Dr. Acula - Nation (2012) [mp3@320]/03. Keep On Running In Place.mp3
Jun 21 00:04 : update: added Dr. Acula - Nation (2012) [mp3@320]/01. Be Careful What You Wish For....mp3
Jun 21 00:04 : update: added Dr. Acula - Nation (2012) [mp3@320]/02. Heavy Handed.mp3
Jun 21 00:04 : update: added Dr. Acula - Nation (2012) [mp3@320]/09. Suburban Superstar (Strung Out On Strong Island).mp3
Jun 21 00:04 : update: added Dr. Acula - Nation (2012) [mp3@320]/04. The Party Is Over (Locked On Target).mp3
Jun 21 00:04 : update: added Dr. Acula - Nation (2012) [mp3@320]/08. Robot People From Hell.mp3
Jun 21 00:04 : update: added Dr. Acula - Nation (2012) [mp3@320]/06. Dressed for Transylvania In the Boiling Weather (Lipstick Guys).mp3
Jun 21 00:04 : update: added Attila - Rage (2010)/04 Rage.mp3
Jun 21 00:04 : update: added Attila - Rage (2010)/07 Girls Don't Lie.mp3
Jun 21 00:04 : update: added Attila - Rage (2010)/06 Temper.mp3
Jun 21 00:04 : update: added Attila - Rage (2010)/02 Make It Sick.mp3
Jun 21 00:04 : update: added Attila - Rage (2010)/08 Strikeout.mp3
Jun 21 00:04 : update: added Attila - Rage (2010)/09 Cheyenne 420.mp3
Jun 21 00:04 : update: added Attila - Rage (2010)/10 Jumanji.mp3
Jun 21 00:04 : update: added Attila - Rage (2010)/03 The Invitation.mp3
Jun 21 00:04 : update: added Attila - Rage (2010)/01 The End.mp3
Jun 21 00:04 : update: added Attila - Rage (2010)/05 Lights Out.mp3
Jun 21 00:04 : update: added Attila/Soundtrack To A Party/01 Lets Start the Party.mp3
Jun 21 00:04 : update: added Attila/Soundtrack To A Party/07 Deuce-Deuce.mp3
Jun 21 00:04 : update: added Attila/Soundtrack To A Party/03 You looked a lot Better Last Night.mp3
Jun 21 00:04 : update: added Attila/Soundtrack To A Party/02 One Night Stand.mp3
Jun 21 00:04 : update: added Attila/Soundtrack To A Party/06 Soda in a Water Cup.mp3
Jun 21 00:04 : update: added Attila/Soundtrack To A Party/09 Sunsets and Death Threats.mp3
Jun 21 00:04 : update: added Attila/Soundtrack To A Party/10 Unbelievable.mp3
Jun 21 00:04 : update: added Attila/Soundtrack To A Party/04 Lemme Get a Newport.mp3
Jun 21 00:04 : update: added Attila/Soundtrack To A Party/05 Belligerent.mp3
Jun 21 00:04 : update: added Attila/Soundtrack To A Party/08 What Would Kimbo Slice Do_.mp3
Jun 21 00:04 : update: added Attila/Fallacy/07 Hanging From A Lamp Post.mp3
Jun 21 00:04 : update: added Attila/Fallacy/02 No One Will Return.mp3
Jun 21 00:04 : update: added Attila/Fallacy/05 Amelia Bedilia Is A Whore.mp3
Jun 21 00:04 : update: added Attila/Fallacy/03 Under My Breath.mp3
Jun 21 00:04 : update: added Attila/Fallacy/09 Taking The Lives Of The Ignorant.mp3
Jun 21 00:04 : update: added Attila/Fallacy/04 Fallacy.mp3
Jun 21 00:04 : update: added Attila/Fallacy/06 666.mp3
Jun 21 00:04 : update: added Attila/Fallacy/10 Caddywampus.mp3
Jun 21 00:04 : update: added Attila/Fallacy/08 What Would Chuck Norris Do.mp3
Jun 21 00:04 : update: added Attila/Fallacy/01 Sunsets And Death Threats.mp3
Jun 21 00:04 : update: added Attila/Fallacy/11 Flying With The Kennedys.mp3
Jun 21 00:05 : avahi: Client Disconnected, will reconnect shortly
Jun 21 00:05 : avahi: Could not reconnect: Daemon not running
Jun 21 00:06 : decoder_thread: Unrecognized URI
Jun 21 00:06 : decoder_thread: Unrecognized URI
Jun 21 00:06 : decoder_thread: Unrecognized URI
Jun 21 00:06 : decoder_thread: Unrecognized URI
Jun 21 00:06 : decoder_thread: Unrecognized URI
Jun 21 00:06 : decoder_thread: Unrecognized URI
Jun 21 00:06 : decoder_thread: Unrecognized URI
Jun 21 00:06 : decoder_thread: Unrecognized URI
Jun 21 00:06 : decoder_thread: Unrecognized URI
Jun 21 00:06 : decoder_thread: Unrecognized URI
Jun 21 00:06 : decoder_thread: Unrecognized URI
Jun 21 00:06 : decoder_thread: Unrecognized URI
Jun 21 00:06 : decoder_thread: Unrecognized URI
Jun 21 00:06 : decoder_thread: Unrecognized URI
Jun 21 00:06 : decoder_thread: Unrecognized URI
Jun 21 00:06 : decoder_thread: Unrecognized URI
Jun 21 00:06 : decoder_thread: Unrecognized URI
Jun 21 00:06 : decoder_thread: Unrecognized URI
Jun 21 00:06 : decoder_thread: Unrecognized URI
Jun 21 00:06 : decoder_thread: Unrecognized URI
Jun 21 00:06 : decoder_thread: Unrecognized URI
Jun 21 00:06 : decoder_thread: Unrecognized URI
Jun 21 00:07 : decoder_thread: Unrecognized URI
Jun 21 00:07 : decoder_thread: Unrecognized URI
Jun 21 00:07 : decoder_thread: Unrecognized URI
Jun 21 00:07 : decoder_thread: Unrecognized URI
Jun 21 00:07 : decoder_thread: Unrecognized URI
Jun 21 00:07 : decoder_thread: Unrecognized URI
Jun 21 00:07 : decoder_thread: Unrecognized URI
Jun 21 00:07 : decoder_thread: Unrecognized URI
Jun 21 00:07 : decoder_thread: Unrecognized URI
Jun 21 00:07 : decoder_thread: Unrecognized URI
Jun 21 00:07 : decoder_thread: Unrecognized URI
Jun 21 00:07 : decoder_thread: Unrecognized URI
Jun 21 00:07 : decoder_thread: Unrecognized URI
Jun 21 00:07 : decoder_thread: Unrecognized URI
Jun 21 00:07 : decoder_thread: Unrecognized URI
Jun 21 00:07 : decoder_thread: Unrecognized URI
Jun 21 00:07 : decoder_thread: Unrecognized URI
Jun 21 00:07 : decoder_thread: Unrecognized URI
Jun 21 00:07 : decoder_thread: Unrecognized URI
Jun 21 00:07 : decoder_thread: Unrecognized URI
Jun 21 00:07 : decoder_thread: Unrecognized URI
Jun 21 00:07 : decoder_thread: Unrecognized URI
Jun 21 00:07 : decoder_thread: Unrecognized URI
Jun 21 00:07 : decoder_thread: Unrecognized URI
Jun 21 00:07 : decoder_thread: Unrecognized URI
Jun 21 00:07 : decoder_thread: Unrecognized URI
Jun 21 00:07 : decoder_thread: Unrecognized URI
Jun 21 00:07 : decoder_thread: Unrecognized URI
Jun 21 00:07 : decoder_thread: Unrecognized URI
Jun 21 00:07 : decoder_thread: Unrecognized URI
Jun 21 00:07 : decoder_thread: Unrecognized URI
Jun 21 00:07 : decoder_thread: Unrecognized URI
Jun 21 00:07 : decoder_thread: Unrecognized URI
Jun 21 00:07 : decoder_thread: Unrecognized URI
Jun 21 00:07 : decoder_thread: Unrecognized URI
Jun 21 00:07 : decoder_thread: Unrecognized URI
Jun 21 00:07 : decoder_thread: Unrecognized URI
Jun 21 00:07 : decoder_thread: Unrecognized URI
Jun 21 00:07 : decoder_thread: Unrecognized URI
Jun 21 00:07 : decoder_thread: Unrecognized URI
Jun 21 00:07 : decoder_thread: Unrecognized URI
Jun 21 00:07 : decoder_thread: Unrecognized URI
Jun 21 00:07 : decoder_thread: Unrecognized URI
Jun 21 00:07 : decoder_thread: Unrecognized URI
Jun 21 00:07 : decoder_thread: Unrecognized URI
Jun 21 00:07 : decoder_thread: Unrecognized URI
Jun 21 00:07 : decoder_thread: Unrecognized URI
Jun 21 00:07 : decoder_thread: Unrecognized URI
Jun 21 00:07 : decoder_thread: Unrecognized URI
Jun 21 00:07 : decoder_thread: Unrecognized URI
Jun 21 00:07 : decoder_thread: Unrecognized URI
Jun 21 00:07 : decoder_thread: Unrecognized URI
Jun 21 00:07 : decoder_thread: Unrecognized URI
Jun 21 00:07 : decoder_thread: Unrecognized URI
Jun 21 00:07 : decoder_thread: Unrecognized URI
Jun 21 00:07 : decoder_thread: Unrecognized URI
Jun 21 00:07 : decoder_thread: Unrecognized URI
Jun 21 00:07 : decoder_thread: Unrecognized URI
Jun 21 00:07 : decoder_thread: Unrecognized URI
Jun 21 00:07 : decoder_thread: Unrecognized URI
Jun 21 00:07 : decoder_thread: Unrecognized URI
Jun 21 00:07 : decoder_thread: Unrecognized URI
Jun 21 00:07 : decoder_thread: Unrecognized URI
Jun 21 00:07 : decoder_thread: Unrecognized URI
Jun 21 00:07 : decoder_thread: Unrecognized URI
Jun 21 00:07 : decoder_thread: Unrecognized URI
Jun 21 00:07 : decoder_thread: Unrecognized URI
Jun 21 00:07 : decoder_thread: Unrecognized URI
Jun 21 00:07 : decoder_thread: Unrecognized URI
Jun 21 00:07 : decoder_thread: Unrecognized URI
Jun 21 00:07 : decoder_thread: Unrecognized URI
Jun 21 00:07 : decoder_thread: Unrecognized URI
Jun 21 00:07 : decoder_thread: Unrecognized URI
Jun 21 00:07 : decoder_thread: Unrecognized URI
Jun 21 00:07 : decoder_thread: Unrecognized URI
Jun 21 00:07 : decoder_thread: Unrecognized URI
Jun 21 00:07 : decoder_thread: Unrecognized URI
Jun 21 00:07 : decoder_thread: Unrecognized URI
Jun 21 00:07 : decoder_thread: Unrecognized URI
Jun 21 00:07 : decoder_thread: Unrecognized URI
Jun 21 00:07 : decoder_thread: Unrecognized URI
Jun 21 00:07 : decoder_thread: Unrecognized URI
Jun 21 00:07 : decoder_thread: Unrecognized URI
Jun 21 00:07 : decoder_thread: Unrecognized URI
Jun 21 00:07 : decoder_thread: Unrecognized URI
Jun 21 00:07 : decoder_thread: Unrecognized URI
Jun 21 00:07 : decoder_thread: Unrecognized URI
Jun 21 00:07 : decoder_thread: Unrecognized URI
Jun 21 00:07 : decoder_thread: Unrecognized URI
Jun 21 00:07 : decoder_thread: Unrecognized URI
Jun 21 00:07 : decoder_thread: Unrecognized URI
Jun 21 00:07 : decoder_thread: Unrecognized URI
Jun 21 00:07 : decoder_thread: Unrecognized URI
Jun 21 00:07 : decoder_thread: Unrecognized URI
Jun 21 00:07 : decoder_thread: Unrecognized URI
Jun 21 00:07 : decoder_thread: Unrecognized URI
Jun 21 00:07 : decoder_thread: Unrecognized URI
Jun 21 00:07 : decoder_thread: Unrecognized URI
Jun 21 00:07 : decoder_thread: Unrecognized URI
Jun 21 00:07 : decoder_thread: Unrecognized URI
Jun 21 00:07 : decoder_thread: Unrecognized URI
Jun 21 00:07 : decoder_thread: Unrecognized URI
Jun 21 00:07 : decoder_thread: Unrecognized URI
Jun 21 00:07 : decoder_thread: Unrecognized URI
Jun 21 00:07 : decoder_thread: Unrecognized URI
Jun 21 00:07 : decoder_thread: Unrecognized URI
Jun 21 00:07 : decoder_thread: Unrecognized URI
Jun 21 00:07 : decoder_thread: Unrecognized URI
Jun 21 00:07 : decoder_thread: Unrecognized URI
Jun 21 00:07 : decoder_thread: Unrecognized URI
Jun 21 00:07 : decoder_thread: Unrecognized URI
Jun 21 00:07 : decoder_thread: Unrecognized URI
Jun 21 00:07 : decoder_thread: Unrecognized URI
Jun 21 00:07 : decoder_thread: Unrecognized URI
Jun 21 00:07 : decoder_thread: Unrecognized URI
Jun 21 00:07 : decoder_thread: Unrecognized URI
Jun 21 00:07 : decoder_thread: Unrecognized URI
Jun 21 00:07 : decoder_thread: Unrecognized URI
Jun 21 00:07 : decoder_thread: Unrecognized URI
Jun 21 00:07 : decoder_thread: Unrecognized URI
Jun 21 00:07 : decoder_thread: Unrecognized URI
Jun 21 00:07 : decoder_thread: Unrecognized URI
Jun 21 00:07 : decoder_thread: Unrecognized URI
Jun 21 00:07 : decoder_thread: Unrecognized URI
Jun 21 00:07 : decoder_thread: Unrecognized URI
Jun 21 00:07 : decoder_thread: Unrecognized URI
Jun 21 00:07 : decoder_thread: Unrecognized URI
Jun 21 00:07 : decoder_thread: Unrecognized URI
Jun 21 00:07 : decoder_thread: Unrecognized URI
Jun 21 00:07 : decoder_thread: Unrecognized URI
Jun 21 00:07 : decoder_thread: Unrecognized URI
Jun 21 00:07 : decoder_thread: Unrecognized URI
Jun 21 00:07 : decoder_thread: Unrecognized URI
Jun 21 00:07 : decoder_thread: Unrecognized URI
Jun 21 00:07 : decoder_thread: Unrecognized URI
Jun 21 00:07 : decoder_thread: Unrecognized URI
Jun 21 00:07 : decoder_thread: Unrecognized URI
Jun 21 00:07 : decoder_thread: Unrecognized URI
Jun 21 00:10 : decoder_thread: Unrecognized URI
Jun 21 00:10 : decoder_thread: Unrecognized URI
Jun 21 00:10 : decoder_thread: Unrecognized URI
Jun 21 00:10 : decoder_thread: Unrecognized URI
Jun 21 00:10 : decoder_thread: Unrecognized URI
Jun 21 00:10 : decoder_thread: Unrecognized URI
Jun 21 00:10 : decoder_thread: Unrecognized URI
Jun 21 00:10 : decoder_thread: Unrecognized URI
Jun 21 00:10 : decoder_thread: Unrecognized URI
Jun 21 00:10 : decoder_thread: Unrecognized URI
Jun 21 00:10 : decoder_thread: Unrecognized URI
Jun 21 00:10 : decoder_thread: Unrecognized URI
Jun 21 00:10 : decoder_thread: Unrecognized URI
Jun 21 00:10 : decoder_thread: Unrecognized URI
Jun 21 00:10 : decoder_thread: Unrecognized URI
Jun 21 00:10 : decoder_thread: Unrecognized URI
Jun 21 00:10 : decoder_thread: Unrecognized URI
Jun 21 00:10 : decoder_thread: Unrecognized URI
Jun 21 00:10 : decoder_thread: Unrecognized URI
Jun 21 00:10 : decoder_thread: Unrecognized URI
Jun 21 00:10 : decoder_thread: Unrecognized URI
Jun 21 00:10 : decoder_thread: Unrecognized URI
Jun 21 00:10 : decoder_thread: Unrecognized URI
Jun 21 00:10 : decoder_thread: Unrecognized URI
Jun 21 00:10 : decoder_thread: Unrecognized URI
Jun 21 00:10 : decoder_thread: Unrecognized URI
Jun 21 00:10 : decoder_thread: Unrecognized URI
Jun 21 00:10 : decoder_thread: Unrecognized URI
Jun 21 00:10 : decoder_thread: Unrecognized URI
Jun 21 00:10 : decoder_thread: Unrecognized URI
Jun 21 00:10 : decoder_thread: Unrecognized URI
Jun 21 00:10 : decoder_thread: Unrecognized URI
Jun 21 00:10 : decoder_thread: Unrecognized URI
Jun 21 00:10 : decoder_thread: Unrecognized URI
Jun 21 00:10 : decoder_thread: Unrecognized URI
Jun 21 00:10 : decoder_thread: Unrecognized URI
Jun 21 00:10 : decoder_thread: Unrecognized URI
Jun 21 00:10 : decoder_thread: Unrecognized URI
Jun 21 00:10 : decoder_thread: Unrecognized URI
Jun 21 00:10 : decoder_thread: Unrecognized URI
Jun 21 00:10 : decoder_thread: Unrecognized URI
Jun 21 00:10 : decoder_thread: Unrecognized URI
Jun 21 00:10 : decoder_thread: Unrecognized URI
Jun 21 00:10 : decoder_thread: Unrecognized URI
Jun 21 00:10 : decoder_thread: Unrecognized URI
Jun 21 00:10 : decoder_thread: Unrecognized URI
Jun 21 00:10 : decoder_thread: Unrecognized URI
Jun 21 00:10 : decoder_thread: Unrecognized URI
Jun 21 00:10 : decoder_thread: Unrecognized URI
Jun 21 00:10 : decoder_thread: Unrecognized URI
Jun 21 00:10 : decoder_thread: Unrecognized URI
Jun 21 00:10 : decoder_thread: Unrecognized URI
Jun 21 00:10 : decoder_thread: Unrecognized URI
Jun 21 00:10 : decoder_thread: Unrecognized URI
Jun 21 00:10 : decoder_thread: Unrecognized URI
Jun 21 00:10 : decoder_thread: Unrecognized URI
Jun 21 00:16 : avahi: Client Disconnected, will reconnect shortly
Jun 21 00:16 : avahi: Could not reconnect: Daemon not running
Jun 21 00:17 : decoder_thread: Unrecognized URI
Jun 21 00:17 : decoder_thread: Unrecognized URI
Jun 21 00:17 : decoder_thread: Unrecognized URI
Jun 21 00:17 : decoder_thread: Unrecognized URI
Jun 21 00:17 : decoder_thread: Unrecognized URI
Jun 21 00:17 : decoder_thread: Unrecognized URI
Jun 21 00:17 : decoder_thread: Unrecognized URI
Jun 21 00:17 : decoder_thread: Unrecognized URI
Jun 21 00:17 : decoder_thread: Unrecognized URI
Jun 21 00:17 : decoder_thread: Unrecognized URI
Jun 21 00:17 : decoder_thread: Unrecognized URI
Jun 21 00:17 : decoder_thread: Unrecognized URI
Jun 21 00:17 : decoder_thread: Unrecognized URI
Jun 21 00:17 : decoder_thread: Unrecognized URI
Jun 21 00:17 : decoder_thread: Unrecognized URI
Jun 21 00:17 : decoder_thread: Unrecognized URI
Jun 21 00:17 : decoder_thread: Unrecognized URI
Jun 21 00:17 : decoder_thread: Unrecognized URI
Jun 21 00:27 : update: removing Stick To Your Guns - The Hope Division (2010-mp3)/01 Where The Sun Never Sleeps.mp3
Jun 21 00:27 : update: removing Stick To Your Guns - The Hope Division (2010-mp3)/02 What Goes Around.mp3
Jun 21 00:27 : update: removing Stick To Your Guns - The Hope Division (2010-mp3)/03 Faith In The Untamed.mp3
Jun 21 00:27 : update: removing Stick To Your Guns - The Hope Division (2010-mp3)/04 Amber.mp3
Jun 21 00:27 : update: removing Stick To Your Guns - The Hope Division (2010-mp3)/05 Wolves At The Door.mp3
Jun 21 00:27 : update: removing Stick To Your Guns - The Hope Division (2010-mp3)/06 Some Kind Of Hope.mp3
Jun 21 00:27 : update: removing Stick To Your Guns - The Hope Division (2010-mp3)/07 Scarecrow.mp3
Jun 21 00:27 : update: removing Stick To Your Guns - The Hope Division (2010-mp3)/08 Life Through Western Eyes.mp3
Jun 21 00:27 : update: removing Stick To Your Guns - The Hope Division (2010-mp3)/09 3-60.mp3
Jun 21 00:27 : update: removing Stick To Your Guns - The Hope Division (2010-mp3)/10 No Cover.mp3
Jun 21 00:27 : update: removing Stick To Your Guns - The Hope Division (2010-mp3)/11 Sufferer.mp3
Jun 21 00:27 : update: removing Stick To Your Guns - The Hope Division (2010-mp3)/12 La Poderosa.mp3
Jun 21 00:27 : update: removing Stick To Your Guns - Diamond (2012) Deluxe [VBR]/01. Diamond.mp3
Jun 21 00:27 : update: removing Stick To Your Guns - Diamond (2012) Deluxe [VBR]/02. Against Them All.mp3
Jun 21 00:27 : update: removing Stick To Your Guns - Diamond (2012) Deluxe [VBR]/03. Such Pain.mp3
Jun 21 00:27 : update: removing Stick To Your Guns - Diamond (2012) Deluxe [VBR]/04. The Bond.mp3
Jun 21 00:27 : update: removing Stick To Your Guns - Diamond (2012) Deluxe [VBR]/05. We Still Believe.mp3
Jun 21 00:27 : update: removing Stick To Your Guns - Diamond (2012) Deluxe [VBR]/06. Ring Loud (Last Hope).mp3
Jun 21 00:27 : update: removing Stick To Your Guns - Diamond (2012) Deluxe [VBR]/07. Empty Heads.mp3
Jun 21 00:27 : update: removing Stick To Your Guns - Diamond (2012) Deluxe [VBR]/08. Beyond The Sun.mp3
Jun 21 00:27 : update: removing Stick To Your Guns - Diamond (2012) Deluxe [VBR]/09. Life In A Box.mp3
Jun 21 00:27 : update: removing Stick To Your Guns - Diamond (2012) Deluxe [VBR]/10. Bringing You Down.mp3
Jun 21 00:27 : update: removing Stick To Your Guns - Diamond (2012) Deluxe [VBR]/11. D(i am)ond.mp3
Jun 21 00:27 : update: removing Stick To Your Guns - Diamond (2012) Deluxe [VBR]/12. Built Upon The Sand.mp3
Jun 21 00:27 : update: removing Stick To Your Guns - Diamond (2012) Deluxe [VBR]/13. Just Like Me.mp3
Jun 21 00:27 : update: removing Stick To Your Guns - Diamond (2012) Deluxe [VBR]/14. We Still Believe (Acoustic).mp3
Jun 21 00:27 : update: removing Enter Shikari - A Flash Flood Of Colour  (2012)/01. System….mp3
Jun 21 00:27 : update: removing Enter Shikari - A Flash Flood Of Colour  (2012)/02. …Meltdown.mp3
Jun 21 00:27 : update: removing Enter Shikari - A Flash Flood Of Colour  (2012)/03. Sssnakepit.mp3
Jun 21 00:27 : update: removing Enter Shikari - A Flash Flood Of Colour  (2012)/06. Stalemate.mp3
Jun 21 00:27 : update: removing Enter Shikari - A Flash Flood Of Colour  (2012)/04. Search Party.mp3
Jun 21 00:27 : update: removing Enter Shikari - A Flash Flood Of Colour  (2012)/05. Arguing With Thermometers.mp3
Jun 21 00:27 : update: removing Enter Shikari - A Flash Flood Of Colour  (2012)/07. Gandhi Mate, Gandhi.mp3
Jun 21 00:27 : update: removing Enter Shikari - A Flash Flood Of Colour  (2012)/08. Warm Smiles Do Not Make You Welcome Here.mp3
Jun 21 00:27 : update: removing Enter Shikari - A Flash Flood Of Colour  (2012)/09. Pack Of Thieves.mp3
Jun 21 00:27 : update: removing Enter Shikari - A Flash Flood Of Colour  (2012)/10. Hello Tyrannosaurus, Meet Tyrannicide.mp3
Jun 21 00:27 : update: removing Enter Shikari - A Flash Flood Of Colour  (2012)/11. Constellations.mp3
Jun 21 00:27 : update: removing Enter Shikari - A Flash Flood Of Colour  (2012)/12. Sssnakepit (Hamilton Remix).mp3
Jun 21 00:27 : update: removing Enter Shikari - A Flash Flood Of Colour  (2012)/13. Sssnakepit (Serial Killaz Remix).mp3
Jun 21 00:27 : update: removing Enter Shikari - A Flash Flood Of Colour  (2012)/14. Quelle Surprise.mp3
Jun 21 00:27 : update: removing Enter Shikari - A Flash Flood Of Colour  (2012)/15. Destabilise.mp3
Jun 21 00:27 : update: removing Dr.Acula - The Social Event of The Century (2010-mp3)/01 (Welcome To) The Social Event Of The Century.mp3
Jun 21 00:27 : update: removing Dr.Acula - The Social Event of The Century (2010-mp3)/02 Theres No Glory in Fame.mp3
Jun 21 00:27 : update: removing Dr.Acula - The Social Event of The Century (2010-mp3)/03 The MusicVideo Game Olympics.mp3
Jun 21 00:27 : update: removing Dr.Acula - The Social Event of The Century (2010-mp3)/04 New York California & Nowhere In Between.mp3
Jun 21 00:27 : update: removing Dr.Acula - The Social Event of The Century (2010-mp3)/05 Wendel.mp3
Jun 21 00:27 : update: removing Dr.Acula - The Social Event of The Century (2010-mp3)/06 The L Train To High Street.mp3
Jun 21 00:27 : update: removing Dr.Acula - The Social Event of The Century (2010-mp3)/07 Cockoff!.mp3
Jun 21 00:27 : update: removing Dr.Acula - The Social Event of The Century (2010-mp3)/08 The Rise And Fall of T.H.C. Tennis.mp3
Jun 21 00:27 : update: removing Dr.Acula - The Social Event of The Century (2010-mp3)/09 Is This A Party Or A Dick Measuring Contest.mp3
Jun 21 00:27 : update: removing Dr.Acula - The Social Event of The Century (2010-mp3)/10 Showstopper!.mp3
Jun 21 00:27 : update: removing Dr. Acula - Slander (2011)/01 Clinger (Stage 5).mp3
Jun 21 00:27 : update: removing Dr. Acula - Slander (2011)/02 Fire Crotch (The Venereal Van Ride).mp3
Jun 21 00:27 : update: removing Dr. Acula - Slander (2011)/03 Welcome To Camp Nightmare.mp3
Jun 21 00:27 : update: removing Dr. Acula - Slander (2011)/04 Currently Sexting.mp3
Jun 21 00:27 : update: removing Dr. Acula - Slander (2011)/05 Cocaine Avalanche.mp3
Jun 21 00:27 : update: removing Dr. Acula - Slander (2011)/06 Song Before The Song.mp3
Jun 21 00:27 : update: removing Dr. Acula - Slander (2011)/07 Pure And Immature (Goon).mp3
Jun 21 00:27 : update: removing Dr. Acula - Slander (2011)/08 Who You Gonna Call_.mp3
Jun 21 00:27 : update: removing Dr. Acula - Slander (2011)/09 All Work No Play.mp3
Jun 21 00:27 : update: removing Dr. Acula - Slander (2011)/10 Slander.mp3
Jun 21 00:27 : update: removing Dr. Acula - Slander (2011)/11 Slampig (...And Then The Bitch).mp3
Jun 21 00:27 : update: removing Dr. Acula - Slander (2011)/12 Party 2.0.mp3
Jun 21 00:27 : update: removing Dr. Acula - Slander (2011)/13 The Big Sleep.mp3
Jun 21 00:27 : update: removing Dr. Acula - Nation (2012) [mp3@320]/01. Be Careful What You Wish For....mp3
Jun 21 00:27 : update: removing Dr. Acula - Nation (2012) [mp3@320]/02. Heavy Handed.mp3
Jun 21 00:27 : update: removing Dr. Acula - Nation (2012) [mp3@320]/03. Keep On Running In Place.mp3
Jun 21 00:27 : update: removing Dr. Acula - Nation (2012) [mp3@320]/04. The Party Is Over (Locked On Target).mp3
Jun 21 00:27 : update: removing Dr. Acula - Nation (2012) [mp3@320]/05. Ironic Enclosure.mp3
Jun 21 00:27 : update: removing Dr. Acula - Nation (2012) [mp3@320]/06. Dressed for Transylvania In the Boiling Weather (Lipstick Guys).mp3
Jun 21 00:27 : update: removing Dr. Acula - Nation (2012) [mp3@320]/07. Nation.mp3
Jun 21 00:27 : update: removing Dr. Acula - Nation (2012) [mp3@320]/08. Robot People From Hell.mp3
Jun 21 00:27 : update: removing Dr. Acula - Nation (2012) [mp3@320]/09. Suburban Superstar (Strung Out On Strong Island).mp3
Jun 21 00:27 : update: removing Dr. Acula - Nation (2012) [mp3@320]/10. Areola 51.mp3
Jun 21 00:27 : update: removing Dr. Acula - Nation (2012) [mp3@320]/11. Citizen's Arrest.mp3
Jun 21 00:27 : update: removing Dr. Acula - Nation (2012) [mp3@320]/12. Thinner.mp3
Jun 21 00:27 : update: removing Attila-Outlawed-2011-KzT/01-attila-outlawed.mp3
Jun 21 00:27 : update: removing Attila-Outlawed-2011-KzT/02-attila-light_me_up.mp3
Jun 21 00:27 : update: removing Attila-Outlawed-2011-KzT/03-attila-nothing_left_to_say.mp3
Jun 21 00:27 : update: removing Attila-Outlawed-2011-KzT/04-attila-another_round.mp3
Jun 21 00:27 : update: removing Attila-Outlawed-2011-KzT/05-attila-nasty_mouth.mp3
Jun 21 00:27 : update: removing Attila-Outlawed-2011-KzT/06-attila-smokeout.mp3
Jun 21 00:27 : update: removing Attila-Outlawed-2011-KzT/07-attila-holler_at_ya_boy.mp3
Jun 21 00:27 : update: removing Attila-Outlawed-2011-KzT/08-attila-sex_drugs_and_violence.mp3
Jun 21 00:27 : update: removing Attila-Outlawed-2011-KzT/09-attila-white_lightning.mp3
Jun 21 00:27 : update: removing Attila-Outlawed-2011-KzT/10-attila-payback.mp3
Jun 21 00:27 : update: removing Attila - Rage (2010)/01 The End.mp3
Jun 21 00:27 : update: removing Attila - Rage (2010)/02 Make It Sick.mp3
Jun 21 00:27 : update: removing Attila - Rage (2010)/03 The Invitation.mp3
Jun 21 00:27 : update: removing Attila - Rage (2010)/04 Rage.mp3
Jun 21 00:27 : update: removing Attila - Rage (2010)/05 Lights Out.mp3
Jun 21 00:27 : update: removing Attila - Rage (2010)/06 Temper.mp3
Jun 21 00:27 : update: removing Attila - Rage (2010)/07 Girls Don't Lie.mp3
Jun 21 00:27 : update: removing Attila - Rage (2010)/08 Strikeout.mp3
Jun 21 00:27 : update: removing Attila - Rage (2010)/09 Cheyenne 420.mp3
Jun 21 00:27 : update: removing Attila - Rage (2010)/10 Jumanji.mp3
Jun 21 00:27 : update: removing Attila/Soundtrack To A Party/01 Lets Start the Party.mp3
Jun 21 00:27 : update: removing Attila/Soundtrack To A Party/02 One Night Stand.mp3
Jun 21 00:27 : update: removing Attila/Soundtrack To A Party/03 You looked a lot Better Last Night.mp3
Jun 21 00:27 : update: removing Attila/Soundtrack To A Party/04 Lemme Get a Newport.mp3
Jun 21 00:27 : update: removing Attila/Soundtrack To A Party/05 Belligerent.mp3
Jun 21 00:27 : update: removing Attila/Soundtrack To A Party/06 Soda in a Water Cup.mp3
Jun 21 00:27 : update: removing Attila/Soundtrack To A Party/07 Deuce-Deuce.mp3
Jun 21 00:27 : update: removing Attila/Soundtrack To A Party/08 What Would Kimbo Slice Do_.mp3
Jun 21 00:27 : update: removing Attila/Soundtrack To A Party/09 Sunsets and Death Threats.mp3
Jun 21 00:27 : update: removing Attila/Soundtrack To A Party/10 Unbelievable.mp3
Jun 21 00:27 : update: removing Attila/Fallacy/02 No One Will Return.mp3
Jun 21 00:27 : update: removing Attila/Fallacy/03 Under My Breath.mp3
Jun 21 00:27 : update: removing Attila/Fallacy/04 Fallacy.mp3
Jun 21 00:27 : update: removing Attila/Fallacy/05 Amelia Bedilia Is A Whore.mp3
Jun 21 00:27 : update: removing Attila/Fallacy/06 666.mp3
Jun 21 00:27 : update: removing Attila/Fallacy/07 Hanging From A Lamp Post.mp3
Jun 21 00:27 : update: removing Attila/Fallacy/08 What Would Chuck Norris Do.mp3
Jun 21 00:27 : update: removing Attila/Fallacy/09 Taking The Lives Of The Ignorant.mp3
Jun 21 00:27 : update: removing Attila/Fallacy/10 Caddywampus.mp3
Jun 21 00:27 : update: removing Attila/Fallacy/11 Flying With The Kennedys.mp3
Jun 21 00:27 : update: removing Attila/Fallacy/01 Sunsets And Death Threats.mp3
Jun 21 07:43 : update: added The Safety Fire/Grind The Ocean/07 Sections.mp3
Jun 21 07:43 : update: added The Safety Fire/Grind The Ocean/02 Floods of Colour.mp3
Jun 21 07:43 : update: added The Safety Fire/Grind The Ocean/06 Circassian Beauties.mp3
Jun 21 07:43 : update: added The Safety Fire/Grind The Ocean/04 Anomolous Materials.mp3
Jun 21 07:43 : update: added The Safety Fire/Grind The Ocean/09 Grind the Ocean.mp3
Jun 21 07:43 : update: added The Safety Fire/Grind The Ocean/03 DMP (FDP).mp3
Jun 21 07:43 : update: added The Safety Fire/Grind The Ocean/05 Animal King.mp3
Jun 21 07:43 : update: added The Safety Fire/Grind The Ocean/08 Seagraves (Instrumental).mp3
Jun 21 07:43 : update: added The Safety Fire/Grind The Ocean/01 Huge Hammers.mp3
Jun 21 07:43 : update: added Protest The Hero/Scurrilous/00 Dunsel.mp3
Jun 21 07:43 : update: added Protest The Hero/Scurrilous/00 The Reign Of Unending Terror.mp3
Jun 21 07:43 : update: added Protest The Hero/Scurrilous/00 Moonlight.mp3
Jun 21 07:43 : update: added Protest The Hero/Scurrilous/00 Sex Tapes.mp3
Jun 21 07:43 : update: added Protest The Hero/Scurrilous/00 C'est la Vie.mp3
Jun 21 07:43 : update: added Protest The Hero/Scurrilous/00 Hair-Trigger.mp3
Jun 21 07:43 : update: added Protest The Hero/Scurrilous/00 Termites.mp3
Jun 21 07:43 : update: added Protest The Hero/Scurrilous/00 Tapestry.mp3
Jun 21 07:43 : update: added Protest The Hero/Scurrilous/00 Tongue-splitter.mp3
Jun 21 07:43 : update: added Protest The Hero/Scurrilous/00 Tandem.mp3
Jun 21 07:43 : update: added Circa Survive/Blue Sky Noise/10 The Longest Mile.mp3
Jun 21 07:43 : update: added Circa Survive/Blue Sky Noise/02 Get Out.mp3
Jun 21 07:43 : update: added Circa Survive/Blue Sky Noise/09 Spirit Of The Stairwell.mp3
Jun 21 07:43 : update: added Circa Survive/Blue Sky Noise/15 Get Out  (Safe Camp Sessions Acoustic Version).mp3
Jun 21 07:43 : update: added Circa Survive/Blue Sky Noise/18 Airplane Dance.mp3
Jun 21 07:43 : update: added Circa Survive/Blue Sky Noise/17 100 Steps ( Demo ).mp3
Jun 21 07:43 : update: added Circa Survive/Blue Sky Noise/01 Strange Terrain.mp3
Jun 21 07:43 : update: added Circa Survive/Blue Sky Noise/12 Dyed In The Wool.mp3
Jun 21 07:43 : update: added Circa Survive/Blue Sky Noise/03 Glass Arrows.mp3
Jun 21 07:43 : update: added Circa Survive/Blue Sky Noise/04 I Felt Free.mp3
Jun 21 07:43 : update: added Circa Survive/Blue Sky Noise/08 Fever Dreams.mp3
Jun 21 07:43 : update: added Circa Survive/Blue Sky Noise/13 I Felt Free  (Safe Camp Sessions Acoustic Version).mp3
Jun 21 07:43 : update: added Circa Survive/Blue Sky Noise/05 Imaginary Enemy.mp3
Jun 21 07:43 : update: added Circa Survive/Blue Sky Noise/14 Dyed In The Wool  (Safe Camp Sessions Acoustic Version).mp3
Jun 21 07:43 : update: added Circa Survive/Blue Sky Noise/07 Frozen Creek.mp3
Jun 21 07:43 : update: added Circa Survive/Blue Sky Noise/11 Compendium.mp3
Jun 21 07:43 : update: added Circa Survive/Blue Sky Noise/06 Through The Desert Alone.mp3
Jun 21 07:43 : update: added Circa Survive/Blue Sky Noise/16 Every Way  (Safe Camp Sessions Acoustic Version).mp3
Jun 21 07:43 : update: added Circa Survive/The Inuit Sessions EP/02 The Great Golden Baby.mp3
Jun 21 07:43 : update: added Circa Survive/The Inuit Sessions EP/04 Handshakes At Sunrise (Demo).mp3
Jun 21 07:43 : update: added Circa Survive/The Inuit Sessions EP/03 Suspending Disbelief.mp3
Jun 21 07:43 : update: added Circa Survive/The Inuit Sessions EP/01 Act Appalled.mp3
Jun 21 07:43 : update: added Circa Survive/None/01 At A Loss (2009 Demo Ssolata) - Circa Survive (WITH LYRICS).mp3
Jun 21 07:43 : update: added Circa Survive/None/01 Blank Slate (2009 Demo) - Circa Survive.mp3
Jun 21 07:43 : update: added Circa Survive/None/01 Circa Survive - Resentment_.mp3
Jun 21 07:43 : update: added Circa Survive/None/01 Circa Survive - New Sun.mp3
Jun 21 07:43 : update: added Circa Survive/Juturna/07 Stop the Car.mp3
Jun 21 07:43 : update: added Circa Survive/Juturna/06 The Great Golden Baby.mp3
Jun 21 07:43 : update: added Circa Survive/Juturna/09 Oh_ Hello.mp3
Jun 21 07:43 : update: added Circa Survive/Juturna/04 The Glorious Nosebleed.mp3
Jun 21 07:43 : update: added Circa Survive/Juturna/02 Act Appalled.mp3
Jun 21 07:43 : update: added Circa Survive/Juturna/08 We're All Thieves.mp3
Jun 21 07:43 : update: added Circa Survive/Juturna/11 Meet Me In Montauk.mp3
Jun 21 07:43 : update: added Circa Survive/Juturna/01 Holding Someone's Hair Back.mp3
Jun 21 07:43 : update: added Circa Survive/Juturna/10 Always Getting What You Want.mp3
Jun 21 07:43 : update: added Circa Survive/Juturna/05 In Fear and Faith.mp3
Jun 21 07:43 : update: added Circa Survive/Juturna/03 Wish Resign.mp3
Jun 21 07:43 : update: added Circa Survive/AOL Sessions_ Under Cover/02 Kicking Your Crosses Down.mp3
Jun 21 07:43 : update: added Circa Survive/AOL Sessions_ Under Cover/03 Wish You Were Here.mp3
Jun 21 07:43 : update: added Circa Survive/AOL Sessions_ Under Cover/01 In Fear and Faith.mp3
Jun 21 07:43 : update: added Circa Survive/On Letting Go/13 1_000 Witnesses (A single B-side)(Bonus).mp3
Jun 21 07:43 : update: added Circa Survive/On Letting Go/04 The Difference Between Medicine And Poison Is In The Dose.mp3
Jun 21 07:43 : update: added Circa Survive/On Letting Go/06 Travel Hymn.mp3
Jun 21 07:43 : update: added Circa Survive/On Letting Go/12 Your Friends Are Gone.mp3
Jun 21 07:43 : update: added Circa Survive/On Letting Go/10 Carry Us Away.mp3
Jun 21 07:43 : update: added Circa Survive/On Letting Go/09 On Letting Go.mp3
Jun 21 07:43 : update: added Circa Survive/On Letting Go/02 In The Morning And Amazing___.mp3
Jun 21 07:43 : update: added Circa Survive/On Letting Go/03 The Greatest Lie.mp3
Jun 21 07:43 : update: added Circa Survive/On Letting Go/14 The Most Dangerous Commercials.mp3
Jun 21 07:43 : update: added Circa Survive/On Letting Go/01 Living Together.mp3
Jun 21 07:43 : update: added Circa Survive/On Letting Go/08 Kicking Your Crosses Down.mp3
Jun 21 07:43 : update: added Circa Survive/On Letting Go/11 Close Your Eyes To See.mp3
Jun 21 07:43 : update: added Circa Survive/On Letting Go/07 Semi Constructive Criticism.mp3
Jun 21 07:43 : update: added Circa Survive/On Letting Go/05 Mandala.mp3
Jun 21 07:43 : update: added The Adolescents/_1981_ The Adolescents/05 Self Destruct.mp3
Jun 21 07:43 : update: added The Adolescents/_1981_ The Adolescents/04 L_A_ Girl.mp3
Jun 21 07:43 : update: added The Adolescents/_1981_ The Adolescents/01 I Hate Children.mp3
Jun 21 07:43 : update: added The Adolescents/_1981_ The Adolescents/02 Who Is Who_.mp3
Jun 21 07:43 : update: added The Adolescents/_1981_ The Adolescents/12 No Friends.mp3
Jun 21 07:43 : update: added The Adolescents/_1981_ The Adolescents/07 No Way.mp3
Jun 21 07:43 : update: added The Adolescents/_1981_ The Adolescents/16 Things Start Moving.mp3
Jun 21 07:43 : update: added The Adolescents/_1981_ The Adolescents/03 Wrecking Crew.mp3
Jun 21 07:43 : update: added The Adolescents/_1981_ The Adolescents/08 Amoeba.mp3
Jun 21 07:43 : update: added The Adolescents/_1981_ The Adolescents/14 Welcome to Reality.mp3
Jun 21 07:43 : update: added The Adolescents/_1981_ The Adolescents/06 Kids of the Black Hole.mp3
Jun 21 07:43 : update: added The Adolescents/_1981_ The Adolescents/09 Word Attack.mp3
Jun 21 07:43 : update: added The Adolescents/_1981_ The Adolescents/15 Losing Battle.mp3
Jun 21 07:43 : update: added The Adolescents/_1981_ The Adolescents/10 Rip It Up.mp3
Jun 21 07:43 : update: added The Adolescents/_1981_ The Adolescents/11 Democracy.mp3
Jun 21 07:43 : update: added The Adolescents/_1981_ The Adolescents/13 Creatures.mp3
Jun 21 07:43 : update: added The Adolescents/_2005_ The Complete Demos 1980-1986/02 Black Sheep.mp3
Jun 21 07:43 : update: added The Adolescents/_2005_ The Complete Demos 1980-1986/13 Do The Eddie.mp3
Jun 21 07:43 : update: added The Adolescents/_2005_ The Complete Demos 1980-1986/15 The Liar.mp3
Jun 21 07:43 : update: added The Adolescents/_2005_ The Complete Demos 1980-1986/11 Amoeba.mp3
Jun 21 07:43 : update: added The Adolescents/_2005_ The Complete Demos 1980-1986/09 Wrecking Crew (Casbah Fullerton).mp3
Jun 21 07:43 : update: added The Adolescents/_2005_ The Complete Demos 1980-1986/12 Self Destruct.mp3
Jun 21 07:43 : update: added The Adolescents/_2005_ The Complete Demos 1980-1986/16 The Peasant Song.mp3
Jun 21 07:43 : update: added The Adolescents/_2005_ The Complete Demos 1980-1986/14 Richard Hung Himself (Original).mp3
Jun 21 07:43 : update: added The Adolescents/_2005_ The Complete Demos 1980-1986/03 Growing Up Today.mp3
Jun 21 07:43 : update: added The Adolescents/_2005_ The Complete Demos 1980-1986/07 Who Is Who_.mp3
Jun 21 07:43 : update: added The Adolescents/_2005_ The Complete Demos 1980-1986/05 I Hate Children.mp3
Jun 21 07:43 : update: added The Adolescents/_2005_ The Complete Demos 1980-1986/06 No Friends.mp3
Jun 21 07:43 : update: added The Adolescents/_2005_ The Complete Demos 1980-1986/01 We Can't Change The World.mp3
Jun 21 07:43 : update: added The Adolescents/_2005_ The Complete Demos 1980-1986/04 We Rule And You Don't.mp3
Jun 21 07:43 : update: added The Adolescents/_2005_ The Complete Demos 1980-1986/10 Creatures.mp3
Jun 21 07:43 : update: added The Adolescents/_2005_ The Complete Demos 1980-1986/08 Wrecking Crew (Phantom Studios).mp3
Jun 21 07:43 : update: added The Adolescents/_2003_ Unwrap and Blow Me Ep/04 O_C_ Confidential.mp3
Jun 21 07:43 : update: added The Adolescents/_2003_ Unwrap and Blow Me Ep/02 Where The Children Play.mp3
Jun 21 07:43 : update: added The Adolescents/_2003_ Unwrap and Blow Me Ep/05 Pointless Teenage Anthem.mp3
Jun 21 07:43 : update: added The Adolescents/_2003_ Unwrap and Blow Me Ep/01 Hawks And Doves.mp3
Jun 21 07:43 : update: added The Adolescents/_2003_ Unwrap and Blow Me Ep/03 California Son.mp3
Jun 21 07:43 : update: added The Adolescents/_2003_ Unwrap and Blow Me Ep/06 Within These Walls.mp3
Jun 21 07:43 : update: added The Adolescents/_2005_ O_C_ Confidential/11 OC Confidential.mp3
Jun 21 07:43 : update: added The Adolescents/_2005_ O_C_ Confidential/02 Lockdown America.mp3
Jun 21 07:43 : update: added The Adolescents/_2005_ O_C_ Confidential/13 Find A Way.mp3
Jun 21 07:43 : update: added The Adolescents/_2005_ O_C_ Confidential/01 Hawks And Doves.mp3
Jun 21 07:43 : update: added The Adolescents/_2005_ O_C_ Confidential/08 Into The Fire.mp3
Jun 21 07:43 : update: added The Adolescents/_2005_ O_C_ Confidential/05 Guns Of September.mp3
Jun 21 07:43 : update: added The Adolescents/_2005_ O_C_ Confidential/06 Pointless Teenage Anthem.mp3
Jun 21 07:43 : update: added The Adolescents/_2005_ O_C_ Confidential/09 Within These Walls.mp3
Jun 21 07:43 : update: added The Adolescents/_2005_ O_C_ Confidential/04 California Son.mp3
Jun 21 07:43 : update: added The Adolescents/_2005_ O_C_ Confidential/07 Death On Friday.mp3
Jun 21 07:43 : update: added The Adolescents/_2005_ O_C_ Confidential/10 Let It Rain.mp3
Jun 21 07:43 : update: added The Adolescents/_2005_ O_C_ Confidential/03 Where The Children Play.mp3
Jun 21 07:43 : update: added The Adolescents/_2005_ O_C_ Confidential/12 Monsanto Hayride.mp3
Jun 21 07:43 : update: added The Adolescents/_2003_ Live At The House Of Blues/04 Democracy.mp3
Jun 21 07:43 : update: added The Adolescents/_2003_ Live At The House Of Blues/20 Untitled (Bonus Track).mp3
Jun 21 07:43 : update: added The Adolescents/_2003_ Live At The House Of Blues/02 Who Is Who_.mp3
Jun 21 07:43 : update: added The Adolescents/_2003_ Live At The House Of Blues/06 Creatures.mp3
Jun 21 07:43 : update: added The Adolescents/_2003_ Live At The House Of Blues/12 No Friends.mp3
Jun 21 07:43 : update: added The Adolescents/_2003_ Live At The House Of Blues/01 No Way.mp3
Jun 21 07:43 : update: added The Adolescents/_2003_ Live At The House Of Blues/14 Rip It Up.mp3
Jun 21 07:43 : update: added The Adolescents/_2003_ Live At The House Of Blues/07 Welcome to Reality.mp3
Jun 21 07:43 : update: added The Adolescents/_2003_ Live At The House Of Blues/16 Within These Walls.mp3
Jun 21 07:43 : update: added The Adolescents/_2003_ Live At The House Of Blues/17 Word Attack.mp3
Jun 21 07:43 : update: added The Adolescents/_2003_ Live At The House Of Blues/09 Wrecking Crew.mp3
Jun 21 07:43 : update: added The Adolescents/_2003_ Live At The House Of Blues/10 American Lockdown.mp3
Jun 21 07:43 : update: added The Adolescents/_2003_ Live At The House Of Blues/13 Things Start Moving.mp3
Jun 21 07:43 : update: added The Adolescents/_2003_ Live At The House Of Blues/03 Self Destruct.mp3
Jun 21 07:43 : update: added The Adolescents/_2003_ Live At The House Of Blues/19 Kids Of The Black Hole.mp3
Jun 21 07:43 : update: added The Adolescents/_2003_ Live At The House Of Blues/11 L_A_ Girl.mp3
Jun 21 07:43 : update: added The Adolescents/_2003_ Live At The House Of Blues/08 California Son.mp3
Jun 21 07:43 : update: added The Adolescents/_2003_ Live At The House Of Blues/05 O_C_ Confidential.mp3
Jun 21 07:43 : update: added The Adolescents/_2003_ Live At The House Of Blues/15 Hawks & Dove.mp3
Jun 21 07:43 : update: added The Adolescents/_2003_ Live At The House Of Blues/18 Amoeba.mp3
Jun 21 07:43 : update: added The Adolescents/_1997_ Return to the Black Hole (live album)/05 L_A_ Girl.mp3
Jun 21 07:43 : update: added The Adolescents/_1997_ Return to the Black Hole (live album)/02 Who Is Who_.mp3
Jun 21 07:43 : update: added The Adolescents/_1997_ Return to the Black Hole (live album)/03 Word Attack.mp3
Jun 21 07:43 : update: added The Adolescents/_1997_ Return to the Black Hole (live album)/16 Kids Of The Blackhole.mp3
Jun 21 07:43 : update: added The Adolescents/_1997_ Return to the Black Hole (live album)/10 I Love You.mp3
Jun 21 07:43 : update: added The Adolescents/_1997_ Return to the Black Hole (live album)/15 Amoeba.mp3
Jun 21 07:43 : update: added The Adolescents/_1997_ Return to the Black Hole (live album)/01 No Way.mp3
Jun 21 07:43 : update: added The Adolescents/_1997_ Return to the Black Hole (live album)/14 Rip It Up.mp3
Jun 21 07:43 : update: added The Adolescents/_1997_ Return to the Black Hole (live album)/07 Welcome to Reality.mp3
Jun 21 07:43 : update: added The Adolescents/_1997_ Return to the Black Hole (live album)/06 Brats In Battalions.mp3
Jun 21 07:43 : update: added The Adolescents/_1997_ Return to the Black Hole (live album)/11 Losing Battle.mp3
Jun 21 07:43 : update: added The Adolescents/_1997_ Return to the Black Hole (live album)/08 Wrecking Crew.mp3
Jun 21 07:43 : update: added The Adolescents/_1997_ Return to the Black Hole (live album)/09 Do The Eddie.mp3
Jun 21 07:43 : update: added The Adolescents/_1997_ Return to the Black Hole (live album)/17 I Got a Right.mp3
Jun 21 07:43 : update: added The Adolescents/_1997_ Return to the Black Hole (live album)/04 Self Destruct.mp3
Jun 21 07:43 : update: added The Adolescents/_1997_ Return to the Black Hole (live album)/13 All Day and All of The Night.mp3
Jun 21 07:43 : update: added The Adolescents/_1997_ Return to the Black Hole (live album)/12 Creatures.mp3
Jun 21 07:43 : update: added The Adolescents/_1989_ Live in 1981 and 1986/05 Self Destruct.mp3
Jun 21 07:43 : update: added The Adolescents/_1989_ Live in 1981 and 1986/11 The Liar.mp3
Jun 21 07:43 : update: added The Adolescents/_1989_ Live in 1981 and 1986/02 Who Is Who_.mp3
Jun 21 07:43 : update: added The Adolescents/_1989_ Live in 1981 and 1986/09 I Got a Right.mp3
Jun 21 07:43 : update: added The Adolescents/_1989_ Live in 1981 and 1986/12 Rip It Up.mp3
Jun 21 07:43 : update: added The Adolescents/_1989_ Live in 1981 and 1986/16 Kids Of The Black Hole.mp3
Jun 21 07:43 : update: added The Adolescents/_1989_ Live in 1981 and 1986/06 Things Start Moving.mp3
Jun 21 07:43 : update: added The Adolescents/_1989_ Live in 1981 and 1986/03 No Friends.mp3
Jun 21 07:43 : update: added The Adolescents/_1989_ Live in 1981 and 1986/08 Losing Battle.mp3
Jun 21 07:43 : update: added The Adolescents/_1989_ Live in 1981 and 1986/13 L_A_ Girl.mp3
Jun 21 07:43 : update: added The Adolescents/_1989_ Live in 1981 and 1986/04 Welcome to Reality.mp3
Jun 21 07:43 : update: added The Adolescents/_1989_ Live in 1981 and 1986/10 No Way.mp3
Jun 21 07:43 : update: added The Adolescents/_1989_ Live in 1981 and 1986/14 Wrecking Crew.mp3
Jun 21 07:43 : update: added The Adolescents/_1989_ Live in 1981 and 1986/07 Word Attack.mp3
Jun 21 07:43 : update: added The Adolescents/_1989_ Live in 1981 and 1986/01 Ameoba.mp3
Jun 21 07:43 : update: added The Adolescents/_1989_ Live in 1981 and 1986/15 Creatures.mp3
Jun 21 07:43 : update: added The Adolescents/_1981_ Welcome to Reality/02 Losing Battle.mp3
Jun 21 07:43 : update: added The Adolescents/_1981_ Welcome to Reality/03 Things Start Moving.mp3
Jun 21 07:43 : update: added The Adolescents/_1981_ Welcome to Reality/01 Welcome to Reality.mp3
Jun 21 07:43 : update: added The Adolescents/_1988_ Balboa Fun Zone/09 Til' She Comes Down.mp3
Jun 21 07:43 : update: added The Adolescents/_1988_ Balboa Fun Zone/10 Modern Day Napoleon.mp3
Jun 21 07:43 : update: added The Adolescents/_1988_ Balboa Fun Zone/11 I'm A Victim.mp3
Jun 21 07:43 : update: added The Adolescents/_1988_ Balboa Fun Zone/02 Just Like Before.mp3
Jun 21 07:43 : update: added The Adolescents/_1988_ Balboa Fun Zone/13 Runaway.mp3
Jun 21 07:43 : update: added The Adolescents/_1988_ Balboa Fun Zone/07 Genius In Pain.mp3
Jun 21 07:43 : update: added The Adolescents/_1988_ Balboa Fun Zone/14 She Walks Alone.mp3
Jun 21 07:43 : update: added The Adolescents/_1988_ Balboa Fun Zone/04 Alone Against The World.mp3
Jun 21 07:43 : update: added The Adolescents/_1988_ Balboa Fun Zone/01 Balboa Fun Zone (Riot On The Beach).mp3
Jun 21 07:43 : update: added The Adolescents/_1988_ Balboa Fun Zone/15 Surf Yogi.mp3
Jun 21 07:43 : update: added The Adolescents/_1988_ Balboa Fun Zone/03 Instant Karma.mp3
Jun 21 07:43 : update: added The Adolescents/_1988_ Balboa Fun Zone/12 Balboa Fun Zone (It's In Your Touch).mp3
Jun 21 07:43 : update: added The Adolescents/_1988_ Balboa Fun Zone/08 It's Tattoo Time.mp3
Jun 21 07:43 : update: added The Adolescents/_1988_ Balboa Fun Zone/05 Allen Hotel.mp3
Jun 21 07:43 : update: added The Adolescents/_1988_ Balboa Fun Zone/06 Frustrated.mp3
Jun 21 07:43 : update: added The Adolescents/_1987_ Brats In Battalions/05 Do The Freddy.mp3
Jun 21 07:43 : update: added The Adolescents/_1987_ Brats In Battalions/10 Welcome to Reality.mp3
Jun 21 07:43 : update: added The Adolescents/_1987_ Brats In Battalions/06 Losing Battle.mp3
Jun 21 07:43 : update: added The Adolescents/_1987_ Brats In Battalions/13 She Wolf.mp3
Jun 21 07:43 : update: added The Adolescents/_1987_ Brats In Battalions/07 House Of The Rising Sun.mp3
Jun 21 07:43 : update: added The Adolescents/_1987_ Brats In Battalions/03 The Liar.mp3
Jun 21 07:43 : update: added The Adolescents/_1987_ Brats In Battalions/08 Peasant Song.mp3
Jun 21 07:43 : update: added The Adolescents/_1987_ Brats In Battalions/01 Brats In Battalions.mp3
Jun 21 07:43 : update: added The Adolescents/_1987_ Brats In Battalions/02 I Love You.mp3
Jun 21 07:43 : update: added The Adolescents/_1987_ Brats In Battalions/04 Things Start Moving.mp3
Jun 21 07:43 : update: added The Adolescents/_1987_ Brats In Battalions/12 I Got a Right.mp3
Jun 21 07:43 : update: added The Adolescents/_1987_ Brats In Battalions/11 Marching With The Reich.mp3
Jun 21 07:43 : update: added The Adolescents/_1987_ Brats In Battalions/09 Skate Babylon.mp3
Jun 21 07:43 : update: added Stick To Your Guns/Diamond/08 Beyond The Sun.mp3
Jun 21 07:43 : update: added Stick To Your Guns/Diamond/12 Built Upon The Sand.mp3
Jun 21 07:43 : update: added Stick To Your Guns/Diamond/09 Life In A Box.mp3
Jun 21 07:43 : update: added Stick To Your Guns/Diamond/13 Just Like Me.mp3
Jun 21 07:43 : update: added Stick To Your Guns/Diamond/11 D(i am)ond.mp3
Jun 21 07:43 : update: added Stick To Your Guns/Diamond/10 Bringing You Down.mp3
Jun 21 07:43 : update: added Stick To Your Guns/Diamond/05 We Still Believe.mp3
Jun 21 07:43 : update: added Stick To Your Guns/Diamond/03 Such Pain.mp3
Jun 21 07:43 : update: added Stick To Your Guns/Diamond/06 Ring Loud (Last Hope).mp3
Jun 21 07:43 : update: added Stick To Your Guns/Diamond/01 Diamond.mp3
Jun 21 07:43 : update: added Stick To Your Guns/Diamond/14 We Still Believe (Acoustic).mp3
Jun 21 07:43 : update: added Stick To Your Guns/Diamond/07 Empty Heads.mp3
Jun 21 07:43 : update: added Stick To Your Guns/Diamond/02 Against Them All.mp3
Jun 21 07:43 : update: added Stick To Your Guns/Diamond/04 The Bond.mp3
Jun 21 07:43 : update: added Stick To Your Guns/The Hope Division/01 Where The Sun Never Sleeps.mp3
Jun 21 07:43 : update: added Stick To Your Guns/The Hope Division/10 No Cover.mp3
Jun 21 07:43 : update: added Stick To Your Guns/The Hope Division/11 Sufferer.mp3
Jun 21 07:43 : update: added Stick To Your Guns/The Hope Division/05 Wolves At The Door.mp3
Jun 21 07:43 : update: added Stick To Your Guns/The Hope Division/03 Faith In The Untamed.mp3
Jun 21 07:43 : update: added Stick To Your Guns/The Hope Division/04 Amber.mp3
Jun 21 07:43 : update: added Stick To Your Guns/The Hope Division/06 Some Kind Of Hope.mp3
Jun 21 07:43 : update: added Stick To Your Guns/The Hope Division/02 What Goes Around.mp3
Jun 21 07:43 : update: added Stick To Your Guns/The Hope Division/12 La Poderosa.mp3
Jun 21 07:43 : update: added Stick To Your Guns/The Hope Division/07 Scarecrow.mp3
Jun 21 07:43 : update: added Stick To Your Guns/The Hope Division/08 Life Through Western Eyes.mp3
Jun 21 07:43 : update: added Stick To Your Guns/The Hope Division/09 3_60.mp3
Jun 21 07:43 : update: added Enter Shikari/A Flash Flood of Colour/04 Search Party.mp3
Jun 21 07:43 : update: added Enter Shikari/A Flash Flood of Colour/15 Destabilise.mp3
Jun 21 07:43 : update: added Enter Shikari/A Flash Flood of Colour/01 System.mp3
Jun 21 07:43 : update: added Enter Shikari/A Flash Flood of Colour/05 Arguing With Thermometers.mp3
Jun 21 07:43 : update: added Enter Shikari/A Flash Flood of Colour/03 Stalemate.mp3
Jun 21 07:43 : update: added Enter Shikari/A Flash Flood of Colour/10 Hello Tyrannosaurus_ Meet Tyrannicide.mp3
Jun 21 07:43 : update: added Enter Shikari/A Flash Flood of Colour/09 Pack Of Thieves.mp3
Jun 21 07:43 : update: added Enter Shikari/A Flash Flood of Colour/11 Constellations.mp3
Jun 21 07:43 : update: added Enter Shikari/A Flash Flood of Colour/14 Quelle Surprise.mp3
Jun 21 07:43 : update: added Enter Shikari/A Flash Flood of Colour/13 Sssnakepit (Serial Killaz Remi.mp3
Jun 21 07:43 : update: added Enter Shikari/A Flash Flood of Colour/02 Meltdown.mp3
Jun 21 07:43 : update: added Enter Shikari/A Flash Flood of Colour/07 Gandhi Mate_ Gandhi.mp3
Jun 21 07:43 : update: added Enter Shikari/A Flash Flood of Colour/08 Warm Smiles Do Not Make You Welcome Here.mp3
Jun 21 07:43 : update: added Enter Shikari/A Flash Flood of Colour/03 Sssnakepit.mp3
Jun 21 07:43 : update: added Enter Shikari/A Flash Flood of Colour/12 Sssnakepit (Hamilton Remix).mp3
Jun 21 07:43 : update: added Circa Suvive/Appendage/01 Sleep Underground.mp3
Jun 21 07:43 : update: added Circa Suvive/Appendage/03 Everyway.mp3
Jun 21 07:43 : update: added Circa Suvive/Appendage/05 Lazarus.mp3
Jun 21 07:43 : update: added Circa Suvive/Appendage/04 Backmask.mp3
Jun 21 07:43 : update: added Circa Suvive/Appendage/02 Stare Like Youll Stay.mp3
Jun 21 07:43 : update: added Greeley Estates/The Death of Greeley Estates/05 The Medic.mp3
Jun 21 07:43 : update: added Greeley Estates/The Death of Greeley Estates/07 Broken (Interlude).mp3
Jun 21 07:43 : update: added Greeley Estates/The Death of Greeley Estates/10 The Reaction.mp3
Jun 21 07:43 : update: added Greeley Estates/The Death of Greeley Estates/03 Friendly Neighborhood Visit.mp3
Jun 21 07:43 : update: added Greeley Estates/The Death of Greeley Estates/06 A Thousand Burning Forests.mp3
Jun 21 07:43 : update: added Greeley Estates/The Death of Greeley Estates/14 Repaired (Interlude).mp3
Jun 21 07:43 : update: added Greeley Estates/The Death of Greeley Estates/11 Tonight.mp3
Jun 21 07:43 : update: added Greeley Estates/The Death of Greeley Estates/12 The Postman.mp3
Jun 21 07:43 : update: added Greeley Estates/The Death of Greeley Estates/04 Bodies.mp3
Jun 21 07:43 : update: added Greeley Estates/The Death of Greeley Estates/08 Leave The Light On.mp3
Jun 21 07:43 : update: added Greeley Estates/The Death of Greeley Estates/09 Circle The Wagons.mp3
Jun 21 07:43 : update: added Greeley Estates/The Death of Greeley Estates/13 Mouth To Mouth.mp3
Jun 21 07:43 : update: added Greeley Estates/The Death of Greeley Estates/01 Straitjacket.mp3
Jun 21 07:43 : update: added Greeley Estates/The Death of Greeley Estates/15 December.mp3
Jun 21 07:43 : update: added Greeley Estates/The Death of Greeley Estates/02 The Last Dance.mp3
Jun 21 07:43 : update: added Veil Of Maya/Eclipse/08 Vicious Circles.mp3
Jun 21 07:43 : update: added Veil Of Maya/Eclipse/03 Punisher.mp3
Jun 21 07:43 : update: added Veil Of Maya/Eclipse/09 Eclipse.mp3
Jun 21 07:43 : update: added Veil Of Maya/Eclipse/10 With Passion and Power.mp3
Jun 21 07:43 : update: added Veil Of Maya/Eclipse/02 Divide Paths.mp3
Jun 21 07:43 : update: added Veil Of Maya/Eclipse/05 The Glass Slide.mp3
Jun 21 07:43 : update: added Veil Of Maya/Eclipse/01 20_200.mp3
Jun 21 07:43 : update: added Veil Of Maya/Eclipse/06 Enter My Dreams.mp3
Jun 21 07:43 : update: added Veil Of Maya/Eclipse/04 Winter Is Coming Soon.mp3
Jun 21 07:43 : update: added Veil Of Maya/Eclipse/07 Numerical Scheme.mp3
Jun 21 07:43 : update: added Dr_ Acula/Nation/02 Heavy Handed.mp3
Jun 21 07:43 : update: added Dr_ Acula/Nation/03 Keep On Running In Place.mp3
Jun 21 07:43 : update: added Dr_ Acula/Nation/11 Citizen's Arrest.mp3
Jun 21 07:43 : update: added Dr_ Acula/Nation/08 Robot People From Hell.mp3
Jun 21 07:43 : update: added Dr_ Acula/Nation/06 Dressed for Transylvania In the Boiling Weather (Lipstick Guys).mp3
Jun 21 07:43 : update: added Dr_ Acula/Nation/10 Areola 51.mp3
Jun 21 07:43 : update: added Dr_ Acula/Nation/12 Thinner.mp3
Jun 21 07:43 : update: added Dr_ Acula/Nation/09 Suburban Superstar (Strung Out On Strong Island).mp3
Jun 21 07:43 : update: added Dr_ Acula/Nation/05 Ironic Enclosure.mp3
Jun 21 07:43 : update: added Dr_ Acula/Nation/04 The Party Is Over (Locked On Target).mp3
Jun 21 07:43 : update: added Dr_ Acula/Nation/01 Be Careful What You Wish For___.mp3
Jun 21 07:43 : update: added Dr_ Acula/Nation/07 Nation.mp3
Jun 21 07:43 : update: added Dr_ Acula/Slander/01 Clinger (Stage 5).mp3
Jun 21 07:43 : update: added Dr_ Acula/Slander/09 All Work No Play.mp3
Jun 21 07:43 : update: added Dr_ Acula/Slander/03 Welcome To Camp Nightmare.mp3
Jun 21 07:43 : update: added Dr_ Acula/Slander/06 Song Before The Song.mp3
Jun 21 07:43 : update: added Dr_ Acula/Slander/05 Cocaine Avalanche.mp3
Jun 21 07:43 : update: added Dr_ Acula/Slander/13 The Big Sleep.mp3
Jun 21 07:43 : update: added Dr_ Acula/Slander/07 Pure And Immature (Goon).mp3
Jun 21 07:43 : update: added Dr_ Acula/Slander/02 Fire Crotch (The Venereal Van Ride).mp3
Jun 21 07:43 : update: added Dr_ Acula/Slander/11 Slampig (___And Then The Bitch).mp3
Jun 21 07:43 : update: added Dr_ Acula/Slander/08 Who You Gonna Call_.mp3
Jun 21 07:43 : update: added Dr_ Acula/Slander/12 Party 2_0.mp3
Jun 21 07:43 : update: added Dr_ Acula/Slander/10 Slander.mp3
Jun 21 07:43 : update: added Dr_ Acula/Slander/04 Currently Sexting.mp3
Jun 21 07:43 : update: added Dr_ Acula/The Social Event of The Century/06 06 The L Train To High Street_mp3.mp3
Jun 21 07:43 : update: added Dr_ Acula/The Social Event of The Century/05 05 Wendel_mp3.mp3
Jun 21 07:43 : update: added Dr_ Acula/The Social Event of The Century/09 09 Is This A Party Or A Dick Measuring Contest_mp3.mp3
Jun 21 07:43 : update: added Dr_ Acula/The Social Event of The Century/03 03 The MusicVideo Game Olympics_mp3.mp3
Jun 21 07:43 : update: added Dr_ Acula/The Social Event of The Century/10 10 Showstopper!_mp3.mp3
Jun 21 07:43 : update: added Dr_ Acula/The Social Event of The Century/07 07 Cockoff!_mp3.mp3
Jun 21 07:43 : update: added Dr_ Acula/The Social Event of The Century/08 08 The Rise And Fall of T_H_C_ Tennis_mp3.mp3
Jun 21 07:43 : update: added Dr_ Acula/The Social Event of The Century/01 01 (Welcome To) The Social Event Of The Century_mp3.mp3
Jun 21 07:43 : update: added Dr_ Acula/The Social Event of The Century/04 04 New York California & Nowhere In Between_mp3.mp3
Jun 21 07:43 : update: added Dr_ Acula/The Social Event of The Century/02 02 Theres No Glory in Fame_mp3.mp3
Jun 21 07:43 : update: added Attila/Soundtrack to a Party/01 Lets Start the Party.mp3
Jun 21 07:43 : update: added Attila/Soundtrack to a Party/07 Deuce-Deuce.mp3
Jun 21 07:43 : update: added Attila/Soundtrack to a Party/03 You looked a lot Better Last Night.mp3
Jun 21 07:43 : update: added Attila/Soundtrack to a Party/02 One Night Stand.mp3
Jun 21 07:43 : update: added Attila/Soundtrack to a Party/06 Soda in a Water Cup.mp3
Jun 21 07:43 : update: added Attila/Soundtrack to a Party/09 Sunsets and Death Threats.mp3
Jun 21 07:43 : update: added Attila/Soundtrack to a Party/10 Unbelievable.mp3
Jun 21 07:43 : update: added Attila/Soundtrack to a Party/04 Lemme Get a Newport.mp3
Jun 21 07:43 : update: added Attila/Soundtrack to a Party/05 Belligerent.mp3
Jun 21 07:43 : update: added Attila/Soundtrack to a Party/08 What Would Kimbo Slice Do_.mp3
Jun 21 07:43 : update: added Attila/Outlawed/04 Another Round.mp3
Jun 21 07:43 : update: added Attila/Outlawed/05 Nasty Mouth.mp3
Jun 21 07:43 : update: added Attila/Outlawed/07 Holler At Ya Boy.mp3
Jun 21 07:43 : update: added Attila/Outlawed/10 Payback.mp3
Jun 21 07:43 : update: added Attila/Outlawed/02 Light Me Up.mp3
Jun 21 07:43 : update: added Attila/Outlawed/08 Sex_ Drugs & Violence.mp3
Jun 21 07:43 : update: added Attila/Outlawed/01 Outlawed.mp3
Jun 21 07:43 : update: added Attila/Outlawed/09 White Lightning.mp3
Jun 21 07:43 : update: added Attila/Outlawed/03 Nothing Left To Say.mp3
Jun 21 07:43 : update: added Attila/Outlawed/06 Smokeout.mp3
Jun 21 07:43 : update: added Attila/Fallacy/07 Hanging From A Lamp Post.mp3
Jun 21 07:43 : update: added Attila/Fallacy/02 No One Will Return.mp3
Jun 21 07:43 : update: added Attila/Fallacy/05 Amelia Bedilia Is A Whore.mp3
Jun 21 07:43 : update: added Attila/Fallacy/03 Under My Breath.mp3
Jun 21 07:43 : update: added Attila/Fallacy/09 Taking The Lives Of The Ignorant.mp3
Jun 21 07:43 : update: added Attila/Fallacy/04 Fallacy.mp3
Jun 21 07:43 : update: added Attila/Fallacy/06 666.mp3
Jun 21 07:43 : update: added Attila/Fallacy/10 Caddywampus.mp3
Jun 21 07:43 : update: added Attila/Fallacy/08 What Would Chuck Norris Do.mp3
Jun 21 07:43 : update: added Attila/Fallacy/01 Sunsets And Death Threats.mp3
Jun 21 07:43 : update: added Attila/Fallacy/11 Flying With The Kennedys.mp3
Jun 21 07:43 : update: added Attila/Rage/04 Rage.mp3
Jun 21 07:43 : update: added Attila/Rage/07 Girls Don't Lie.mp3
Jun 21 07:43 : update: added Attila/Rage/06 Temper.mp3
Jun 21 07:43 : update: added Attila/Rage/02 Make It Sick.mp3
Jun 21 07:43 : update: added Attila/Rage/08 Strikeout.mp3
Jun 21 07:43 : update: added Attila/Rage/09 Cheyenne 420.mp3
Jun 21 07:43 : update: added Attila/Rage/10 Jumanji.mp3
Jun 21 07:43 : update: added Attila/Rage/03 The Invitation.mp3
Jun 21 07:43 : update: added Attila/Rage/01 The End.mp3
Jun 21 07:43 : update: added Attila/Rage/05 Lights Out.mp3
Jun 21 07:43 : output: All audio outputs are disabled
Jun 21 07:43 : player_thread: problems opening audio device while playing "Attila/Outlawed/01 Outlawed.mp3"
Jun 21 07:43 : output: All audio outputs are disabled
Jun 21 07:47 : avahi: Client Disconnected, will reconnect shortly
Jun 21 07:47 : avahi: Could not reconnect: Daemon not running
Jun 21 07:48 : mixer: Failed to read mixer for 'My ALSA Device': no such mixer control: PCM
Jun 22 08:02 : player_thread: played "Circa Survive/Blue Sky Noise/01 Strange Terrain.mp3"
Jun 22 08:05 : player_thread: played "Circa Survive/Blue Sky Noise/02 Get Out.mp3"
Jun 22 08:10 : player_thread: played "Circa Survive/Blue Sky Noise/03 Glass Arrows.mp3"
Jun 22 08:13 : player_thread: played "Circa Survive/Blue Sky Noise/04 I Felt Free.mp3"
Jun 22 08:18 : player_thread: played "Circa Survive/Blue Sky Noise/05 Imaginary Enemy.mp3"
Jun 22 08:22 : player_thread: played "Circa Survive/Blue Sky Noise/06 Through The Desert Alone.mp3"
Jun 23 03:04 : mixer: Failed to read mixer for 'My ALSA Device': no such mixer control: PCM
Jun 24 13:46 : avahi: Client Disconnected, will reconnect shortly
Jun 24 13:46 : avahi: Could not reconnect: Daemon not running
Jun 24 14:06 : mixer: Failed to read mixer for 'My ALSA Device': no such mixer control: PCM
Jun 26 22:45 : avahi: Client Disconnected, will reconnect shortly
Jun 26 22:45 : avahi: Could not reconnect: Daemon not running
Jun 26 22:46 : mixer: Failed to read mixer for 'My ALSA Device': no such mixer control: PCM
Jun 26 23:27 : avahi: Client Disconnected, will reconnect shortly
Jun 26 23:27 : avahi: Could not reconnect: Daemon not running
Jun 26 23:27 : mixer: Failed to read mixer for 'My ALSA Device': no such mixer control: PCM
Jun 27 07:37 : player_thread: played "Circa Survive/Blue Sky Noise/07 Frozen Creek.mp3"
Jun 27 07:42 : player_thread: played "Circa Survive/Blue Sky Noise/08 Fever Dreams.mp3"
Jun 27 07:47 : player_thread: played "Circa Survive/Blue Sky Noise/09 Spirit Of The Stairwell.mp3"
Jun 27 07:51 : player_thread: played "Circa Survive/Blue Sky Noise/10 The Longest Mile.mp3"
Jun 27 07:53 : player_thread: played "Circa Survive/Blue Sky Noise/11 Compendium.mp3"
Jun 27 07:58 : player_thread: played "Circa Survive/Blue Sky Noise/12 Dyed In The Wool.mp3"
Jun 27 08:02 : player_thread: played "Circa Survive/Blue Sky Noise/13 I Felt Free  (Safe Camp Sessions Acoustic Version).mp3"
Jun 27 08:07 : player_thread: played "Circa Survive/Blue Sky Noise/14 Dyed In The Wool  (Safe Camp Sessions Acoustic Version).mp3"
Jun 27 19:37 : avahi: Client Disconnected, will reconnect shortly
Jun 27 19:37 : avahi: Could not reconnect: Daemon not running
Jun 27 19:49 : mixer: Failed to read mixer for 'My ALSA Device': no such mixer control: PCM
Jul 01 10:35 : mixer: Failed to read mixer for 'My ALSA Device': no such mixer control: PCM
Jul 01 11:49 : avahi: Client Disconnected, will reconnect shortly
Jul 01 11:49 : avahi: Could not reconnect: Daemon not running
Jul 01 15:03 : mixer: Failed to read mixer for 'My ALSA Device': no such mixer control: PCM
Jul 03 19:38 : mixer: Failed to read mixer for 'My ALSA Device': no such mixer control: PCM
Jul 05 20:29 : avahi: Client Disconnected, will reconnect shortly
Jul 05 20:29 : avahi: Could not reconnect: Daemon not running
